[0.108s] DEBUG:colcon:Command line arguments: ['/usr/bin/colcon', 'build', '--packages-select', 'drone_tracker']
[0.109s] DEBUG:colcon:Parsed command line arguments: Namespace(log_base=None, log_level=None, verb_name='build', build_base='build', install_base='install', merge_install=False, symlink_install=False, test_result_base=None, continue_on_error=False, executor='parallel', parallel_workers=16, event_handlers=None, ignore_user_meta=False, metas=['./colcon.meta'], base_paths=['.'], packages_ignore=None, packages_ignore_regex=None, paths=None, packages_up_to=None, packages_up_to_regex=None, packages_above=None, packages_above_and_dependencies=None, packages_above_depth=None, packages_select_by_dep=None, packages_skip_by_dep=None, packages_skip_up_to=None, packages_select_build_failed=False, packages_skip_build_finished=False, packages_select_test_failures=False, packages_skip_test_passed=False, packages_select=['drone_tracker'], packages_skip=None, packages_select_regex=None, packages_skip_regex=None, packages_start=None, packages_end=None, allow_overriding=[], cmake_args=None, cmake_target=None, cmake_target_skip_unavailable=False, cmake_clean_cache=False, cmake_clean_first=False, cmake_force_configure=False, ament_cmake_args=None, catkin_cmake_args=None, catkin_skip_building_tests=False, verb_parser=<colcon_defaults.argument_parser.defaults.DefaultArgumentsDecorator object at 0x7ff30f195750>, verb_extension=<colcon_core.verb.build.BuildVerb object at 0x7ff30f195240>, main=<bound method BuildVerb.main of <colcon_core.verb.build.BuildVerb object at 0x7ff30f195240>>)
[0.287s] Level 1:colcon.colcon_core.package_discovery:discover_packages(colcon_meta) check parameters
[0.287s] Level 1:colcon.colcon_core.package_discovery:discover_packages(recursive) check parameters
[0.287s] Level 1:colcon.colcon_core.package_discovery:discover_packages(ignore) check parameters
[0.287s] Level 1:colcon.colcon_core.package_discovery:discover_packages(path) check parameters
[0.287s] Level 1:colcon.colcon_core.package_discovery:discover_packages(colcon_meta) discover
[0.287s] Level 1:colcon.colcon_core.package_discovery:discover_packages(recursive) discover
[0.287s] INFO:colcon.colcon_core.package_discovery:Crawling recursively for packages in '/home/misha/ros2_ws/src/drone_tracker'
[0.287s] Level 1:colcon.colcon_core.package_identification:_identify(.) by extensions ['ignore', 'ignore_ament_install']
[0.288s] Level 1:colcon.colcon_core.package_identification:_identify(.) by extension 'ignore'
[0.288s] Level 1:colcon.colcon_core.package_identification:_identify(.) by extension 'ignore_ament_install'
[0.288s] Level 1:colcon.colcon_core.package_identification:_identify(.) by extensions ['colcon_pkg']
[0.288s] Level 1:colcon.colcon_core.package_identification:_identify(.) by extension 'colcon_pkg'
[0.288s] Level 1:colcon.colcon_core.package_identification:_identify(.) by extensions ['colcon_meta']
[0.288s] Level 1:colcon.colcon_core.package_identification:_identify(.) by extension 'colcon_meta'
[0.288s] Level 1:colcon.colcon_core.package_identification:_identify(.) by extensions ['ros']
[0.288s] Level 1:colcon.colcon_core.package_identification:_identify(.) by extension 'ros'
[0.300s] DEBUG:colcon.colcon_core.package_identification:Package '.' with type 'ros.ament_cmake' and name 'drone_tracker'
[0.300s] Level 1:colcon.colcon_core.package_discovery:discover_packages(recursive) using defaults
[0.301s] Level 1:colcon.colcon_core.package_discovery:discover_packages(ignore) discover
[0.301s] Level 1:colcon.colcon_core.package_discovery:discover_packages(ignore) using defaults
[0.301s] Level 1:colcon.colcon_core.package_discovery:discover_packages(path) discover
[0.301s] Level 1:colcon.colcon_core.package_discovery:discover_packages(path) using defaults
[0.320s] Level 1:colcon.colcon_core.package_discovery:discover_packages(prefix_path) check parameters
[0.320s] Level 1:colcon.colcon_core.package_discovery:discover_packages(prefix_path) discover
[0.323s] DEBUG:colcon.colcon_installed_package_information.package_discovery:Found 23 installed packages in /home/misha/ros2_ws/install
[0.325s] DEBUG:colcon.colcon_installed_package_information.package_discovery:Found 275 installed packages in /opt/ros/humble
[0.327s] Level 1:colcon.colcon_core.package_discovery:discover_packages(prefix_path) using defaults
[0.372s] Level 5:colcon.colcon_core.verb:set package 'drone_tracker' build argument 'cmake_args' from command line to 'None'
[0.372s] Level 5:colcon.colcon_core.verb:set package 'drone_tracker' build argument 'cmake_target' from command line to 'None'
[0.372s] Level 5:colcon.colcon_core.verb:set package 'drone_tracker' build argument 'cmake_target_skip_unavailable' from command line to 'False'
[0.372s] Level 5:colcon.colcon_core.verb:set package 'drone_tracker' build argument 'cmake_clean_cache' from command line to 'False'
[0.373s] Level 5:colcon.colcon_core.verb:set package 'drone_tracker' build argument 'cmake_clean_first' from command line to 'False'
[0.373s] Level 5:colcon.colcon_core.verb:set package 'drone_tracker' build argument 'cmake_force_configure' from command line to 'False'
[0.373s] Level 5:colcon.colcon_core.verb:set package 'drone_tracker' build argument 'ament_cmake_args' from command line to 'None'
[0.373s] Level 5:colcon.colcon_core.verb:set package 'drone_tracker' build argument 'catkin_cmake_args' from command line to 'None'
[0.373s] Level 5:colcon.colcon_core.verb:set package 'drone_tracker' build argument 'catkin_skip_building_tests' from command line to 'False'
[0.373s] DEBUG:colcon.colcon_core.verb:Building package 'drone_tracker' with the following arguments: {'ament_cmake_args': None, 'build_base': '/home/misha/ros2_ws/src/drone_tracker/build/drone_tracker', 'catkin_cmake_args': None, 'catkin_skip_building_tests': False, 'cmake_args': None, 'cmake_clean_cache': False, 'cmake_clean_first': False, 'cmake_force_configure': False, 'cmake_target': None, 'cmake_target_skip_unavailable': False, 'install_base': '/home/misha/ros2_ws/src/drone_tracker/install/drone_tracker', 'merge_install': False, 'path': '/home/misha/ros2_ws/src/drone_tracker', 'symlink_install': False, 'test_result_base': None}
[0.373s] INFO:colcon.colcon_core.executor:Executing jobs using 'parallel' executor
[0.374s] DEBUG:colcon.colcon_parallel_executor.executor.parallel:run_until_complete
[0.374s] INFO:colcon.colcon_ros.task.ament_cmake.build:Building ROS package in '/home/misha/ros2_ws/src/drone_tracker' with build type 'ament_cmake'
[0.374s] INFO:colcon.colcon_cmake.task.cmake.build:Building CMake package in '/home/misha/ros2_ws/src/drone_tracker'
[0.377s] INFO:colcon.colcon_core.plugin_system:Skipping extension 'colcon_core.shell.bat': Not used on non-Windows systems
[0.377s] INFO:colcon.colcon_core.shell:Skip shell extension 'powershell' for command environment: Not usable outside of PowerShell
[0.377s] DEBUG:colcon.colcon_core.shell:Skip shell extension 'dsv' for command environment
[0.388s] DEBUG:colcon.colcon_core.event_handler.log_command:Invoking command in '/home/misha/ros2_ws/src/drone_tracker/build/drone_tracker': CMAKE_PREFIX_PATH=${CMAKE_PREFIX_PATH}:/home/misha/ros2_ws/install/launch_testing_examples:/home/misha/ros2_ws/install/examples_rclpy_pointcloud_publisher:/home/misha/ros2_ws/install/examples_rclpy_minimal_subscriber:/home/misha/ros2_ws/install/examples_rclpy_minimal_service:/home/misha/ros2_ws/install/examples_rclpy_minimal_publisher:/home/misha/ros2_ws/install/examples_rclpy_minimal_client:/home/misha/ros2_ws/install/examples_rclpy_minimal_action_server:/home/misha/ros2_ws/install/examples_rclpy_minimal_action_client:/home/misha/ros2_ws/install/examples_rclpy_guard_conditions:/home/misha/ros2_ws/install/examples_rclpy_executors:/opt/ros/humble /usr/bin/cmake /home/misha/ros2_ws/src/drone_tracker -DCMAKE_INSTALL_PREFIX=/home/misha/ros2_ws/src/drone_tracker/install/drone_tracker
[2.030s] DEBUG:colcon.colcon_core.event_handler.log_command:Invoked command in '/home/misha/ros2_ws/src/drone_tracker/build/drone_tracker' returned '0': CMAKE_PREFIX_PATH=${CMAKE_PREFIX_PATH}:/home/misha/ros2_ws/install/launch_testing_examples:/home/misha/ros2_ws/install/examples_rclpy_pointcloud_publisher:/home/misha/ros2_ws/install/examples_rclpy_minimal_subscriber:/home/misha/ros2_ws/install/examples_rclpy_minimal_service:/home/misha/ros2_ws/install/examples_rclpy_minimal_publisher:/home/misha/ros2_ws/install/examples_rclpy_minimal_client:/home/misha/ros2_ws/install/examples_rclpy_minimal_action_server:/home/misha/ros2_ws/install/examples_rclpy_minimal_action_client:/home/misha/ros2_ws/install/examples_rclpy_guard_conditions:/home/misha/ros2_ws/install/examples_rclpy_executors:/opt/ros/humble /usr/bin/cmake /home/misha/ros2_ws/src/drone_tracker -DCMAKE_INSTALL_PREFIX=/home/misha/ros2_ws/src/drone_tracker/install/drone_tracker
[2.033s] DEBUG:colcon.colcon_core.event_handler.log_command:Invoking command in '/home/misha/ros2_ws/src/drone_tracker/build/drone_tracker': CMAKE_PREFIX_PATH=${CMAKE_PREFIX_PATH}:/home/misha/ros2_ws/install/launch_testing_examples:/home/misha/ros2_ws/install/examples_rclpy_pointcloud_publisher:/home/misha/ros2_ws/install/examples_rclpy_minimal_subscriber:/home/misha/ros2_ws/install/examples_rclpy_minimal_service:/home/misha/ros2_ws/install/examples_rclpy_minimal_publisher:/home/misha/ros2_ws/install/examples_rclpy_minimal_client:/home/misha/ros2_ws/install/examples_rclpy_minimal_action_server:/home/misha/ros2_ws/install/examples_rclpy_minimal_action_client:/home/misha/ros2_ws/install/examples_rclpy_guard_conditions:/home/misha/ros2_ws/install/examples_rclpy_executors:/opt/ros/humble /usr/bin/cmake --build /home/misha/ros2_ws/src/drone_tracker/build/drone_tracker -- -j16 -l16
[4.745s] DEBUG:colcon.colcon_core.event_handler.log_command:Invoked command in '/home/misha/ros2_ws/src/drone_tracker/build/drone_tracker' returned '0': CMAKE_PREFIX_PATH=${CMAKE_PREFIX_PATH}:/home/misha/ros2_ws/install/launch_testing_examples:/home/misha/ros2_ws/install/examples_rclpy_pointcloud_publisher:/home/misha/ros2_ws/install/examples_rclpy_minimal_subscriber:/home/misha/ros2_ws/install/examples_rclpy_minimal_service:/home/misha/ros2_ws/install/examples_rclpy_minimal_publisher:/home/misha/ros2_ws/install/examples_rclpy_minimal_client:/home/misha/ros2_ws/install/examples_rclpy_minimal_action_server:/home/misha/ros2_ws/install/examples_rclpy_minimal_action_client:/home/misha/ros2_ws/install/examples_rclpy_guard_conditions:/home/misha/ros2_ws/install/examples_rclpy_executors:/opt/ros/humble /usr/bin/cmake --build /home/misha/ros2_ws/src/drone_tracker/build/drone_tracker -- -j16 -l16
[4.787s] DEBUG:colcon.colcon_core.event_handler.log_command:Invoking command in '/home/misha/ros2_ws/src/drone_tracker/build/drone_tracker': CMAKE_PREFIX_PATH=${CMAKE_PREFIX_PATH}:/home/misha/ros2_ws/install/launch_testing_examples:/home/misha/ros2_ws/install/examples_rclpy_pointcloud_publisher:/home/misha/ros2_ws/install/examples_rclpy_minimal_subscriber:/home/misha/ros2_ws/install/examples_rclpy_minimal_service:/home/misha/ros2_ws/install/examples_rclpy_minimal_publisher:/home/misha/ros2_ws/install/examples_rclpy_minimal_client:/home/misha/ros2_ws/install/examples_rclpy_minimal_action_server:/home/misha/ros2_ws/install/examples_rclpy_minimal_action_client:/home/misha/ros2_ws/install/examples_rclpy_guard_conditions:/home/misha/ros2_ws/install/examples_rclpy_executors:/opt/ros/humble /usr/bin/cmake --install /home/misha/ros2_ws/src/drone_tracker/build/drone_tracker
[4.861s] Level 1:colcon.colcon_core.environment:create_environment_scripts_only(drone_tracker)
[4.862s] DEBUG:colcon.colcon_core.event_handler.log_command:Invoked command in '/home/misha/ros2_ws/src/drone_tracker/build/drone_tracker' returned '0': CMAKE_PREFIX_PATH=${CMAKE_PREFIX_PATH}:/home/misha/ros2_ws/install/launch_testing_examples:/home/misha/ros2_ws/install/examples_rclpy_pointcloud_publisher:/home/misha/ros2_ws/install/examples_rclpy_minimal_subscriber:/home/misha/ros2_ws/install/examples_rclpy_minimal_service:/home/misha/ros2_ws/install/examples_rclpy_minimal_publisher:/home/misha/ros2_ws/install/examples_rclpy_minimal_client:/home/misha/ros2_ws/install/examples_rclpy_minimal_action_server:/home/misha/ros2_ws/install/examples_rclpy_minimal_action_client:/home/misha/ros2_ws/install/examples_rclpy_guard_conditions:/home/misha/ros2_ws/install/examples_rclpy_executors:/opt/ros/humble /usr/bin/cmake --install /home/misha/ros2_ws/src/drone_tracker/build/drone_tracker
[4.865s] Level 1:colcon.colcon_core.environment:checking '/home/misha/ros2_ws/src/drone_tracker/install/drone_tracker' for CMake module files
[4.866s] Level 1:colcon.colcon_core.environment:checking '/home/misha/ros2_ws/src/drone_tracker/install/drone_tracker' for CMake config files
[4.866s] Level 1:colcon.colcon_core.shell:create_environment_hook('drone_tracker', 'cmake_prefix_path')
[4.866s] INFO:colcon.colcon_core.shell:Creating environment hook '/home/misha/ros2_ws/src/drone_tracker/install/drone_tracker/share/drone_tracker/hook/cmake_prefix_path.ps1'
[4.867s] INFO:colcon.colcon_core.shell:Creating environment descriptor '/home/misha/ros2_ws/src/drone_tracker/install/drone_tracker/share/drone_tracker/hook/cmake_prefix_path.dsv'
[4.867s] INFO:colcon.colcon_core.shell:Creating environment hook '/home/misha/ros2_ws/src/drone_tracker/install/drone_tracker/share/drone_tracker/hook/cmake_prefix_path.sh'
[4.868s] Level 1:colcon.colcon_core.environment:checking '/home/misha/ros2_ws/src/drone_tracker/install/drone_tracker/lib'
[4.869s] Level 1:colcon.colcon_core.environment:checking '/home/misha/ros2_ws/src/drone_tracker/install/drone_tracker/bin'
[4.869s] Level 1:colcon.colcon_core.environment:checking '/home/misha/ros2_ws/src/drone_tracker/install/drone_tracker/lib/pkgconfig/drone_tracker.pc'
[4.869s] Level 1:colcon.colcon_core.environment:checking '/home/misha/ros2_ws/src/drone_tracker/install/drone_tracker/lib/python3.10/site-packages'
[4.869s] Level 1:colcon.colcon_core.environment:checking '/home/misha/ros2_ws/src/drone_tracker/install/drone_tracker/bin'
[4.870s] INFO:colcon.colcon_core.shell:Creating package script '/home/misha/ros2_ws/src/drone_tracker/install/drone_tracker/share/drone_tracker/package.ps1'
[4.871s] INFO:colcon.colcon_core.shell:Creating package descriptor '/home/misha/ros2_ws/src/drone_tracker/install/drone_tracker/share/drone_tracker/package.dsv'
[4.871s] INFO:colcon.colcon_core.shell:Creating package script '/home/misha/ros2_ws/src/drone_tracker/install/drone_tracker/share/drone_tracker/package.sh'
[4.872s] INFO:colcon.colcon_core.shell:Creating package script '/home/misha/ros2_ws/src/drone_tracker/install/drone_tracker/share/drone_tracker/package.bash'
[4.873s] INFO:colcon.colcon_core.shell:Creating package script '/home/misha/ros2_ws/src/drone_tracker/install/drone_tracker/share/drone_tracker/package.zsh'
[4.874s] Level 1:colcon.colcon_core.environment:create_file_with_runtime_dependencies(/home/misha/ros2_ws/src/drone_tracker/install/drone_tracker/share/colcon-core/packages/drone_tracker)
[4.909s] Level 1:colcon.colcon_core.environment:create_environment_scripts_only(drone_tracker)
[4.910s] Level 1:colcon.colcon_core.environment:checking '/home/misha/ros2_ws/src/drone_tracker/install/drone_tracker' for CMake module files
[4.911s] Level 1:colcon.colcon_core.environment:checking '/home/misha/ros2_ws/src/drone_tracker/install/drone_tracker' for CMake config files
[4.911s] Level 1:colcon.colcon_core.shell:create_environment_hook('drone_tracker', 'cmake_prefix_path')
[4.912s] INFO:colcon.colcon_core.shell:Creating environment hook '/home/misha/ros2_ws/src/drone_tracker/install/drone_tracker/share/drone_tracker/hook/cmake_prefix_path.ps1'
[4.913s] INFO:colcon.colcon_core.shell:Creating environment descriptor '/home/misha/ros2_ws/src/drone_tracker/install/drone_tracker/share/drone_tracker/hook/cmake_prefix_path.dsv'
[4.914s] INFO:colcon.colcon_core.shell:Creating environment hook '/home/misha/ros2_ws/src/drone_tracker/install/drone_tracker/share/drone_tracker/hook/cmake_prefix_path.sh'
[4.915s] Level 1:colcon.colcon_core.environment:checking '/home/misha/ros2_ws/src/drone_tracker/install/drone_tracker/lib'
[4.915s] Level 1:colcon.colcon_core.environment:checking '/home/misha/ros2_ws/src/drone_tracker/install/drone_tracker/bin'
[4.915s] Level 1:colcon.colcon_core.environment:checking '/home/misha/ros2_ws/src/drone_tracker/install/drone_tracker/lib/pkgconfig/drone_tracker.pc'
[4.916s] Level 1:colcon.colcon_core.environment:checking '/home/misha/ros2_ws/src/drone_tracker/install/drone_tracker/lib/python3.10/site-packages'
[4.917s] Level 1:colcon.colcon_core.environment:checking '/home/misha/ros2_ws/src/drone_tracker/install/drone_tracker/bin'
[4.917s] INFO:colcon.colcon_core.shell:Creating package script '/home/misha/ros2_ws/src/drone_tracker/install/drone_tracker/share/drone_tracker/package.ps1'
[4.919s] INFO:colcon.colcon_core.shell:Creating package descriptor '/home/misha/ros2_ws/src/drone_tracker/install/drone_tracker/share/drone_tracker/package.dsv'
[4.920s] INFO:colcon.colcon_core.shell:Creating package script '/home/misha/ros2_ws/src/drone_tracker/install/drone_tracker/share/drone_tracker/package.sh'
[4.921s] INFO:colcon.colcon_core.shell:Creating package script '/home/misha/ros2_ws/src/drone_tracker/install/drone_tracker/share/drone_tracker/package.bash'
[4.922s] INFO:colcon.colcon_core.shell:Creating package script '/home/misha/ros2_ws/src/drone_tracker/install/drone_tracker/share/drone_tracker/package.zsh'
[4.923s] Level 1:colcon.colcon_core.environment:create_file_with_runtime_dependencies(/home/misha/ros2_ws/src/drone_tracker/install/drone_tracker/share/colcon-core/packages/drone_tracker)
[4.924s] DEBUG:colcon.colcon_parallel_executor.executor.parallel:closing loop
[4.924s] DEBUG:colcon.colcon_parallel_executor.executor.parallel:loop closed
[4.924s] DEBUG:colcon.colcon_parallel_executor.executor.parallel:run_until_complete finished with '0'
[4.925s] DEBUG:colcon.colcon_core.event_reactor:joining thread
[4.933s] INFO:colcon.colcon_core.plugin_system:Skipping extension 'colcon_notification.desktop_notification.terminal_notifier': Not used on non-Darwin systems
[4.933s] INFO:colcon.colcon_core.plugin_system:Skipping extension 'colcon_notification.desktop_notification.win32': Not used on non-Windows systems
[4.933s] INFO:colcon.colcon_notification.desktop_notification:Sending desktop notification using 'notify2'
[4.945s] DEBUG:colcon.colcon_core.event_reactor:joined thread
[4.946s] INFO:colcon.colcon_core.shell:Creating prefix script '/home/misha/ros2_ws/src/drone_tracker/install/local_setup.ps1'
[4.947s] INFO:colcon.colcon_core.shell:Creating prefix util module '/home/misha/ros2_ws/src/drone_tracker/install/_local_setup_util_ps1.py'
[4.948s] INFO:colcon.colcon_core.shell:Creating prefix chain script '/home/misha/ros2_ws/src/drone_tracker/install/setup.ps1'
[4.950s] INFO:colcon.colcon_core.shell:Creating prefix script '/home/misha/ros2_ws/src/drone_tracker/install/local_setup.sh'
[4.951s] INFO:colcon.colcon_core.shell:Creating prefix util module '/home/misha/ros2_ws/src/drone_tracker/install/_local_setup_util_sh.py'
[4.951s] INFO:colcon.colcon_core.shell:Creating prefix chain script '/home/misha/ros2_ws/src/drone_tracker/install/setup.sh'
[4.953s] INFO:colcon.colcon_core.shell:Creating prefix script '/home/misha/ros2_ws/src/drone_tracker/install/local_setup.bash'
[4.954s] INFO:colcon.colcon_core.shell:Creating prefix chain script '/home/misha/ros2_ws/src/drone_tracker/install/setup.bash'
[4.956s] INFO:colcon.colcon_core.shell:Creating prefix script '/home/misha/ros2_ws/src/drone_tracker/install/local_setup.zsh'
[4.956s] INFO:colcon.colcon_core.shell:Creating prefix chain script '/home/misha/ros2_ws/src/drone_tracker/install/setup.zsh'
