-- Found ament_cmake: 1.3.9 (/opt/ros/humble/share/ament_cmake/cmake)
-- Found rclcpp: 16.0.9 (/opt/ros/humble/share/rclcpp/cmake)
-- Found rosidl_generator_c: 3.1.5 (/opt/ros/humble/share/rosidl_generator_c/cmake)
-- Found rosidl_adapter: 3.1.5 (/opt/ros/humble/share/rosidl_adapter/cmake)
-- Found rosidl_generator_cpp: 3.1.5 (/opt/ros/humble/share/rosidl_generator_cpp/cmake)
-- Using all available rosidl_typesupport_c: rosidl_typesupport_fastrtps_c;rosidl_typesupport_introspection_c
-- Using all available rosidl_typesupport_cpp: rosidl_typesupport_fastrtps_cpp;rosidl_typesupport_introspection_cpp
-- Found rmw_implementation_cmake: 6.1.2 (/opt/ros/humble/share/rmw_implementation_cmake/cmake)
-- Found rmw_fastrtps_cpp: 6.2.6 (/opt/ros/humble/share/rmw_fastrtps_cpp/cmake)
-- Using RMW implementation 'rmw_fastrtps_cpp' as default
-- Found rclpy: 3.3.13 (/opt/ros/humble/share/rclpy/cmake)
-- Configuring done
-- Generating done
-- Build files have been written to: /home/misha/ros2_ws/src/drone_tracker/build/drone_tracker
[35m[1mConsolidate compiler generated dependencies of target cpp_executable[0m
[  0%] Built target ament_cmake_python_copy_drone_tracker
[100%] Built target cpp_executable
running egg_info
writing drone_tracker.egg-info/PKG-INFO
writing dependency_links to drone_tracker.egg-info/dependency_links.txt
writing top-level names to drone_tracker.egg-info/top_level.txt
reading manifest file 'drone_tracker.egg-info/SOURCES.txt'
writing manifest file 'drone_tracker.egg-info/SOURCES.txt'
[100%] Built target ament_cmake_python_build_drone_tracker_egg
-- Install configuration: ""
-- Up-to-date: /home/misha/ros2_ws/src/drone_tracker/install/drone_tracker/lib/drone_tracker/cpp_executable
-- Up-to-date: /home/misha/ros2_ws/src/drone_tracker/install/drone_tracker/share/drone_tracker/environment/pythonpath.sh
-- Installing: /home/misha/ros2_ws/src/drone_tracker/install/drone_tracker/share/drone_tracker/environment/pythonpath.dsv
-- Up-to-date: /home/misha/ros2_ws/src/drone_tracker/install/drone_tracker/local/lib/python3.10/dist-packages/drone_tracker-0.0.0-py3.10.egg-info
-- Installing: /home/misha/ros2_ws/src/drone_tracker/install/drone_tracker/local/lib/python3.10/dist-packages/drone_tracker-0.0.0-py3.10.egg-info/PKG-INFO
-- Installing: /home/misha/ros2_ws/src/drone_tracker/install/drone_tracker/local/lib/python3.10/dist-packages/drone_tracker-0.0.0-py3.10.egg-info/dependency_links.txt
-- Installing: /home/misha/ros2_ws/src/drone_tracker/install/drone_tracker/local/lib/python3.10/dist-packages/drone_tracker-0.0.0-py3.10.egg-info/SOURCES.txt
-- Installing: /home/misha/ros2_ws/src/drone_tracker/install/drone_tracker/local/lib/python3.10/dist-packages/drone_tracker-0.0.0-py3.10.egg-info/top_level.txt
-- Up-to-date: /home/misha/ros2_ws/src/drone_tracker/install/drone_tracker/local/lib/python3.10/dist-packages/drone_tracker
-- Up-to-date: /home/misha/ros2_ws/src/drone_tracker/install/drone_tracker/local/lib/python3.10/dist-packages/drone_tracker/__init__.py
Listing '/home/misha/ros2_ws/src/drone_tracker/install/drone_tracker/local/lib/python3.10/dist-packages/drone_tracker'...
-- Up-to-date: /home/misha/ros2_ws/src/drone_tracker/install/drone_tracker/lib/drone_tracker/my_py_node.py
-- Up-to-date: /home/misha/ros2_ws/src/drone_tracker/install/drone_tracker/share/ament_index/resource_index/package_run_dependencies/drone_tracker
-- Up-to-date: /home/misha/ros2_ws/src/drone_tracker/install/drone_tracker/share/ament_index/resource_index/parent_prefix_path/drone_tracker
-- Up-to-date: /home/misha/ros2_ws/src/drone_tracker/install/drone_tracker/share/drone_tracker/environment/ament_prefix_path.sh
-- Installing: /home/misha/ros2_ws/src/drone_tracker/install/drone_tracker/share/drone_tracker/environment/ament_prefix_path.dsv
-- Up-to-date: /home/misha/ros2_ws/src/drone_tracker/install/drone_tracker/share/drone_tracker/environment/path.sh
-- Installing: /home/misha/ros2_ws/src/drone_tracker/install/drone_tracker/share/drone_tracker/environment/path.dsv
-- Up-to-date: /home/misha/ros2_ws/src/drone_tracker/install/drone_tracker/share/drone_tracker/local_setup.bash
-- Up-to-date: /home/misha/ros2_ws/src/drone_tracker/install/drone_tracker/share/drone_tracker/local_setup.sh
-- Up-to-date: /home/misha/ros2_ws/src/drone_tracker/install/drone_tracker/share/drone_tracker/local_setup.zsh
-- Installing: /home/misha/ros2_ws/src/drone_tracker/install/drone_tracker/share/drone_tracker/local_setup.dsv
-- Installing: /home/misha/ros2_ws/src/drone_tracker/install/drone_tracker/share/drone_tracker/package.dsv
-- Up-to-date: /home/misha/ros2_ws/src/drone_tracker/install/drone_tracker/share/ament_index/resource_index/packages/drone_tracker
-- Up-to-date: /home/misha/ros2_ws/src/drone_tracker/install/drone_tracker/share/drone_tracker/cmake/drone_trackerConfig.cmake
-- Up-to-date: /home/misha/ros2_ws/src/drone_tracker/install/drone_tracker/share/drone_tracker/cmake/drone_trackerConfig-version.cmake
-- Up-to-date: /home/misha/ros2_ws/src/drone_tracker/install/drone_tracker/share/drone_tracker/package.xml
