[0.014s] Invoking command in '/home/misha/ros2_ws/src/drone_tracker/build/drone_tracker': CMAKE_PREFIX_PATH=${CMAKE_PREFIX_PATH}:/home/misha/ros2_ws/install/launch_testing_examples:/home/misha/ros2_ws/install/examples_rclpy_pointcloud_publisher:/home/misha/ros2_ws/install/examples_rclpy_minimal_subscriber:/home/misha/ros2_ws/install/examples_rclpy_minimal_service:/home/misha/ros2_ws/install/examples_rclpy_minimal_publisher:/home/misha/ros2_ws/install/examples_rclpy_minimal_client:/home/misha/ros2_ws/install/examples_rclpy_minimal_action_server:/home/misha/ros2_ws/install/examples_rclpy_minimal_action_client:/home/misha/ros2_ws/install/examples_rclpy_guard_conditions:/home/misha/ros2_ws/install/examples_rclpy_executors:/opt/ros/humble /usr/bin/cmake --build /home/misha/ros2_ws/src/drone_tracker/build/drone_tracker -- -j16 -l16
[0.043s] -- Found ament_cmake: 1.3.9 (/opt/ros/humble/share/ament_cmake/cmake)
[0.199s] -- Found rclcpp: 16.0.9 (/opt/ros/humble/share/rclcpp/cmake)
[0.234s] -- Found rosidl_generator_c: 3.1.5 (/opt/ros/humble/share/rosidl_generator_c/cmake)
[0.237s] -- Found rosidl_adapter: 3.1.5 (/opt/ros/humble/share/rosidl_adapter/cmake)
[0.244s] -- Found rosidl_generator_cpp: 3.1.5 (/opt/ros/humble/share/rosidl_generator_cpp/cmake)
[0.258s] -- Using all available rosidl_typesupport_c: rosidl_typesupport_fastrtps_c;rosidl_typesupport_introspection_c
[0.275s] -- Using all available rosidl_typesupport_cpp: rosidl_typesupport_fastrtps_cpp;rosidl_typesupport_introspection_cpp
[0.351s] -- Found rmw_implementation_cmake: 6.1.2 (/opt/ros/humble/share/rmw_implementation_cmake/cmake)
[0.354s] -- Found rmw_fastrtps_cpp: 6.2.6 (/opt/ros/humble/share/rmw_fastrtps_cpp/cmake)
[0.476s] -- Using RMW implementation 'rmw_fastrtps_cpp' as default
[0.640s] -- Found rclpy: 3.3.13 (/opt/ros/humble/share/rclpy/cmake)
[0.806s] -- Configuring done
[0.818s] -- Generating done
[0.820s] -- Build files have been written to: /home/misha/ros2_ws/src/drone_tracker/build/drone_tracker
[0.847s] [35m[1mConsolidate compiler generated dependencies of target cpp_executable[0m
[0.865s] [  0%] Built target ament_cmake_python_copy_drone_tracker
[0.866s] [100%] Built target cpp_executable
[1.132s] running egg_info
[1.133s] writing drone_tracker.egg-info/PKG-INFO
[1.133s] writing dependency_links to drone_tracker.egg-info/dependency_links.txt
[1.134s] writing top-level names to drone_tracker.egg-info/top_level.txt
[1.136s] reading manifest file 'drone_tracker.egg-info/SOURCES.txt'
[1.137s] writing manifest file 'drone_tracker.egg-info/SOURCES.txt'
[1.158s] [100%] Built target ament_cmake_python_build_drone_tracker_egg
[1.169s] Invoked command in '/home/misha/ros2_ws/src/drone_tracker/build/drone_tracker' returned '0': CMAKE_PREFIX_PATH=${CMAKE_PREFIX_PATH}:/home/misha/ros2_ws/install/launch_testing_examples:/home/misha/ros2_ws/install/examples_rclpy_pointcloud_publisher:/home/misha/ros2_ws/install/examples_rclpy_minimal_subscriber:/home/misha/ros2_ws/install/examples_rclpy_minimal_service:/home/misha/ros2_ws/install/examples_rclpy_minimal_publisher:/home/misha/ros2_ws/install/examples_rclpy_minimal_client:/home/misha/ros2_ws/install/examples_rclpy_minimal_action_server:/home/misha/ros2_ws/install/examples_rclpy_minimal_action_client:/home/misha/ros2_ws/install/examples_rclpy_guard_conditions:/home/misha/ros2_ws/install/examples_rclpy_executors:/opt/ros/humble /usr/bin/cmake --build /home/misha/ros2_ws/src/drone_tracker/build/drone_tracker -- -j16 -l16
[1.204s] Invoking command in '/home/misha/ros2_ws/src/drone_tracker/build/drone_tracker': CMAKE_PREFIX_PATH=${CMAKE_PREFIX_PATH}:/home/misha/ros2_ws/install/launch_testing_examples:/home/misha/ros2_ws/install/examples_rclpy_pointcloud_publisher:/home/misha/ros2_ws/install/examples_rclpy_minimal_subscriber:/home/misha/ros2_ws/install/examples_rclpy_minimal_service:/home/misha/ros2_ws/install/examples_rclpy_minimal_publisher:/home/misha/ros2_ws/install/examples_rclpy_minimal_client:/home/misha/ros2_ws/install/examples_rclpy_minimal_action_server:/home/misha/ros2_ws/install/examples_rclpy_minimal_action_client:/home/misha/ros2_ws/install/examples_rclpy_guard_conditions:/home/misha/ros2_ws/install/examples_rclpy_executors:/opt/ros/humble /usr/bin/cmake --install /home/misha/ros2_ws/src/drone_tracker/build/drone_tracker
[1.212s] -- Install configuration: ""
[1.212s] -- Up-to-date: /home/misha/ros2_ws/src/drone_tracker/install/drone_tracker/lib/drone_tracker/cpp_executable
[1.212s] -- Up-to-date: /home/misha/ros2_ws/src/drone_tracker/install/drone_tracker/share/drone_tracker/environment/pythonpath.sh
[1.212s] -- Installing: /home/misha/ros2_ws/src/drone_tracker/install/drone_tracker/share/drone_tracker/environment/pythonpath.dsv
[1.213s] -- Up-to-date: /home/misha/ros2_ws/src/drone_tracker/install/drone_tracker/local/lib/python3.10/dist-packages/drone_tracker-0.0.0-py3.10.egg-info
[1.213s] -- Installing: /home/misha/ros2_ws/src/drone_tracker/install/drone_tracker/local/lib/python3.10/dist-packages/drone_tracker-0.0.0-py3.10.egg-info/PKG-INFO
[1.213s] -- Installing: /home/misha/ros2_ws/src/drone_tracker/install/drone_tracker/local/lib/python3.10/dist-packages/drone_tracker-0.0.0-py3.10.egg-info/dependency_links.txt
[1.213s] -- Installing: /home/misha/ros2_ws/src/drone_tracker/install/drone_tracker/local/lib/python3.10/dist-packages/drone_tracker-0.0.0-py3.10.egg-info/SOURCES.txt
[1.213s] -- Installing: /home/misha/ros2_ws/src/drone_tracker/install/drone_tracker/local/lib/python3.10/dist-packages/drone_tracker-0.0.0-py3.10.egg-info/top_level.txt
[1.214s] -- Up-to-date: /home/misha/ros2_ws/src/drone_tracker/install/drone_tracker/local/lib/python3.10/dist-packages/drone_tracker
[1.214s] -- Up-to-date: /home/misha/ros2_ws/src/drone_tracker/install/drone_tracker/local/lib/python3.10/dist-packages/drone_tracker/__init__.py
[1.259s] Listing '/home/misha/ros2_ws/src/drone_tracker/install/drone_tracker/local/lib/python3.10/dist-packages/drone_tracker'...
[1.263s] -- Up-to-date: /home/misha/ros2_ws/src/drone_tracker/install/drone_tracker/lib/drone_tracker/my_py_node.py
[1.263s] -- Up-to-date: /home/misha/ros2_ws/src/drone_tracker/install/drone_tracker/share/ament_index/resource_index/package_run_dependencies/drone_tracker
[1.263s] -- Up-to-date: /home/misha/ros2_ws/src/drone_tracker/install/drone_tracker/share/ament_index/resource_index/parent_prefix_path/drone_tracker
[1.263s] -- Up-to-date: /home/misha/ros2_ws/src/drone_tracker/install/drone_tracker/share/drone_tracker/environment/ament_prefix_path.sh
[1.264s] -- Installing: /home/misha/ros2_ws/src/drone_tracker/install/drone_tracker/share/drone_tracker/environment/ament_prefix_path.dsv
[1.264s] -- Up-to-date: /home/misha/ros2_ws/src/drone_tracker/install/drone_tracker/share/drone_tracker/environment/path.sh
[1.264s] -- Installing: /home/misha/ros2_ws/src/drone_tracker/install/drone_tracker/share/drone_tracker/environment/path.dsv
[1.264s] -- Up-to-date: /home/misha/ros2_ws/src/drone_tracker/install/drone_tracker/share/drone_tracker/local_setup.bash
[1.264s] -- Up-to-date: /home/misha/ros2_ws/src/drone_tracker/install/drone_tracker/share/drone_tracker/local_setup.sh
[1.264s] -- Up-to-date: /home/misha/ros2_ws/src/drone_tracker/install/drone_tracker/share/drone_tracker/local_setup.zsh
[1.265s] -- Installing: /home/misha/ros2_ws/src/drone_tracker/install/drone_tracker/share/drone_tracker/local_setup.dsv
[1.265s] -- Installing: /home/misha/ros2_ws/src/drone_tracker/install/drone_tracker/share/drone_tracker/package.dsv
[1.265s] -- Up-to-date: /home/misha/ros2_ws/src/drone_tracker/install/drone_tracker/share/ament_index/resource_index/packages/drone_tracker
[1.265s] -- Up-to-date: /home/misha/ros2_ws/src/drone_tracker/install/drone_tracker/share/drone_tracker/cmake/drone_trackerConfig.cmake
[1.265s] -- Up-to-date: /home/misha/ros2_ws/src/drone_tracker/install/drone_tracker/share/drone_tracker/cmake/drone_trackerConfig-version.cmake
[1.265s] -- Up-to-date: /home/misha/ros2_ws/src/drone_tracker/install/drone_tracker/share/drone_tracker/package.xml
[1.267s] Invoked command in '/home/misha/ros2_ws/src/drone_tracker/build/drone_tracker' returned '0': CMAKE_PREFIX_PATH=${CMAKE_PREFIX_PATH}:/home/misha/ros2_ws/install/launch_testing_examples:/home/misha/ros2_ws/install/examples_rclpy_pointcloud_publisher:/home/misha/ros2_ws/install/examples_rclpy_minimal_subscriber:/home/misha/ros2_ws/install/examples_rclpy_minimal_service:/home/misha/ros2_ws/install/examples_rclpy_minimal_publisher:/home/misha/ros2_ws/install/examples_rclpy_minimal_client:/home/misha/ros2_ws/install/examples_rclpy_minimal_action_server:/home/misha/ros2_ws/install/examples_rclpy_minimal_action_client:/home/misha/ros2_ws/install/examples_rclpy_guard_conditions:/home/misha/ros2_ws/install/examples_rclpy_executors:/opt/ros/humble /usr/bin/cmake --install /home/misha/ros2_ws/src/drone_tracker/build/drone_tracker
